{"level":50,"time":1676862519671,"pid":19632,"hostname":"DESKTOP-492C8BG","msg":"La URL: /chat y el metodo: POST resultaron con el siguiente error: this[#productos].push is not a function"}
{"level":50,"time":1676862947352,"pid":14640,"hostname":"DESKTOP-492C8BG","msg":"La URL: /productos/ y el metodo: POST resultaron con el siguiente error: insert into  (`price`, `text`, `thumbnail`, `title`) values ('', '', '', '') - You have an error in your SQL syntax; check the manual that corresponds to your MariaDB server version for the right syntax to use near '(`price`, `text`, `thumbnail`, `title`) values ('', '', '', '')' at line 1"}
{"level":50,"time":1676862947938,"pid":14640,"hostname":"DESKTOP-492C8BG","msg":"La URL: /productos/ y el metodo: POST resultaron con el siguiente error: insert into  (`price`, `text`, `thumbnail`, `title`) values ('', '', '', '') - You have an error in your SQL syntax; check the manual that corresponds to your MariaDB server version for the right syntax to use near '(`price`, `text`, `thumbnail`, `title`) values ('', '', '', '')' at line 1"}
{"level":50,"time":1676862949673,"pid":14640,"hostname":"DESKTOP-492C8BG","msg":"La URL: /productos/ y el metodo: POST resultaron con el siguiente error: insert into  (`price`, `text`, `thumbnail`, `title`) values ('', '', '', '') - You have an error in your SQL syntax; check the manual that corresponds to your MariaDB server version for the right syntax to use near '(`price`, `text`, `thumbnail`, `title`) values ('', '', '', '')' at line 1"}
{"level":50,"time":1676863160167,"pid":9728,"hostname":"DESKTOP-492C8BG","msg":"La URL: /productos/ y el metodo: POST resultaron con el siguiente error: insert into  (`price`, `text`, `thumbnail`, `title`) values ('', '', '', '') - You have an error in your SQL syntax; check the manual that corresponds to your MariaDB server version for the right syntax to use near '(`price`, `text`, `thumbnail`, `title`) values ('', '', '', '')' at line 1"}
{"level":50,"time":1678237622115,"pid":2208,"hostname":"DESKTOP-492C8BG","msg":"La URL: /productos/ y el metodo: POST resultaron con el siguiente error: insert into `productos` (`price`, `text`, `thumbnail`, `title`) values ('2400', '', '222', 'Nuevo') - Unknown column 'text' in 'field list'"}
{"level":50,"time":1678238057762,"pid":9424,"hostname":"DESKTOP-492C8BG","msg":"La URL: /productos/ y el metodo: POST resultaron con el siguiente error: insert into `productos` (`price`, `text`, `thumbnail`, `title`) values ('222', '', 'new', 'new') - Unknown column 'text' in 'field list'"}
{"level":50,"time":1678318054907,"pid":18928,"hostname":"DESKTOP-492C8BG","msg":"La URL: /chat y el metodo: POST resultaron con el siguiente error: undefined"}
{"level":50,"time":1678318326366,"pid":18928,"hostname":"DESKTOP-492C8BG","msg":"La URL: /chat y el metodo: POST resultaron con el siguiente error: undefined"}
{"level":50,"time":1678318390360,"pid":18928,"hostname":"DESKTOP-492C8BG","msg":"La URL: /chat y el metodo: POST resultaron con el siguiente error: undefined"}
{"level":50,"time":1678320262681,"pid":1716,"hostname":"DESKTOP-492C8BG","msg":"La URL: /chat y el metodo: POST resultaron con el siguiente error: undefined"}
{"level":50,"time":1678320370000,"pid":19276,"hostname":"DESKTOP-492C8BG","msg":"La URL: /chat y el metodo: POST resultaron con el siguiente error: undefined"}
{"level":50,"time":1678320491086,"pid":15724,"hostname":"DESKTOP-492C8BG","msg":"La URL: /chat y el metodo: POST resultaron con el siguiente error: undefined"}
{"level":50,"time":1678320713101,"pid":13584,"hostname":"DESKTOP-492C8BG","msg":"La URL: /chat y el metodo: POST resultaron con el siguiente error: undefined"}
{"level":50,"time":1678320794218,"pid":10588,"hostname":"DESKTOP-492C8BG","msg":"La URL: /chat y el metodo: POST resultaron con el siguiente error: undefined"}
{"level":50,"time":1678320915676,"pid":14268,"hostname":"DESKTOP-492C8BG","msg":"La URL: /chat y el metodo: POST resultaron con el siguiente error: undefined"}
{"level":50,"time":1678321261419,"pid":14268,"hostname":"DESKTOP-492C8BG","msg":"La URL: /chat y el metodo: POST resultaron con el siguiente error: undefined"}
{"level":50,"time":1678387474991,"pid":9840,"hostname":"DESKTOP-492C8BG","msg":"La URL: /chat y el metodo: POST resultaron con el siguiente error: undefined"}
{"level":50,"time":1678387672873,"pid":3212,"hostname":"DESKTOP-492C8BG","msg":"La URL: /chat y el metodo: POST resultaron con el siguiente error: undefined"}
{"level":50,"time":1678472983518,"pid":6316,"hostname":"DESKTOP-492C8BG","msg":"La URL: / y el metodo: GET resultaron con el siguiente error: undefined"}
{"level":50,"time":1678473053082,"pid":11592,"hostname":"DESKTOP-492C8BG","msg":"La URL: / y el metodo: GET resultaron con el siguiente error: undefined"}
